c:\users\user\desktop\0723_관리프로그램 템플릿 활용\0718_도서관리프로그램\x64\debug\vc143.pdb
c:\users\user\desktop\0723_관리프로그램 템플릿 활용\0718_도서관리프로그램\x64\debug\vc143.idb
c:\users\user\desktop\0723_관리프로그램 템플릿 활용\0718_도서관리프로그램\x64\debug\start.obj
c:\users\user\desktop\0723_관리프로그램 템플릿 활용\0718_도서관리프로그램\x64\debug\myoutput.obj
c:\users\user\desktop\0723_관리프로그램 템플릿 활용\0718_도서관리프로그램\x64\debug\myinput.obj
c:\users\user\desktop\0723_관리프로그램 템플릿 활용\0718_도서관리프로그램\x64\debug\myfile.obj
c:\users\user\desktop\0723_관리프로그램 템플릿 활용\0718_도서관리프로그램\x64\debug\control.obj
c:\users\user\desktop\0723_관리프로그램 템플릿 활용\0718_도서관리프로그램\x64\debug\book.obj
c:\users\user\desktop\0723_관리프로그램 템플릿 활용\0718_도서관리프로그램\x64\debug\app.obj
c:\users\user\desktop\0723_관리프로그램 템플릿 활용\x64\debug\0718_도서관리프로그램.exe
c:\users\user\desktop\0723_관리프로그램 템플릿 활용\x64\debug\0718_도서관리프로그램.pdb
c:\users\user\desktop\0723_관리프로그램 템플릿 활용\0718_도서관리프로그램\x64\debug\0718_도서관리프로그램.ilk
c:\users\user\desktop\0723_관리프로그램 템플릿 활용\0718_도서관리프로그램\x64\debug\0718_도서관리프로그램.tlog\cl.command.1.tlog
c:\users\user\desktop\0723_관리프로그램 템플릿 활용\0718_도서관리프로그램\x64\debug\0718_도서관리프로그램.tlog\cl.items.tlog
c:\users\user\desktop\0723_관리프로그램 템플릿 활용\0718_도서관리프로그램\x64\debug\0718_도서관리프로그램.tlog\cl.read.1.tlog
c:\users\user\desktop\0723_관리프로그램 템플릿 활용\0718_도서관리프로그램\x64\debug\0718_도서관리프로그램.tlog\cl.write.1.tlog
c:\users\user\desktop\0723_관리프로그램 템플릿 활용\0718_도서관리프로그램\x64\debug\0718_도서관리프로그램.tlog\link.command.1.tlog
c:\users\user\desktop\0723_관리프로그램 템플릿 활용\0718_도서관리프로그램\x64\debug\0718_도서관리프로그램.tlog\link.read.1.tlog
c:\users\user\desktop\0723_관리프로그램 템플릿 활용\0718_도서관리프로그램\x64\debug\0718_도서관리프로그램.tlog\link.secondary.1.tlog
c:\users\user\desktop\0723_관리프로그램 템플릿 활용\0718_도서관리프로그램\x64\debug\0718_도서관리프로그램.tlog\link.write.1.tlog
