c:\users\user\desktop\c++\0726과제-202110647\0726과제-202110647\x64\debug\vc143.pdb
c:\users\user\desktop\c++\0726과제-202110647\0726과제-202110647\x64\debug\vc143.idb
c:\users\user\desktop\c++\0726과제-202110647\0726과제-202110647\x64\debug\start.obj
c:\users\user\desktop\c++\0726과제-202110647\0726과제-202110647\x64\debug\myoutput.obj
c:\users\user\desktop\c++\0726과제-202110647\0726과제-202110647\x64\debug\myinput.obj
c:\users\user\desktop\c++\0726과제-202110647\0726과제-202110647\x64\debug\myfile.obj
c:\users\user\desktop\c++\0726과제-202110647\0726과제-202110647\x64\debug\control.obj
c:\users\user\desktop\c++\0726과제-202110647\0726과제-202110647\x64\debug\book_io.obj
c:\users\user\desktop\c++\0726과제-202110647\0726과제-202110647\x64\debug\book.obj
c:\users\user\desktop\c++\0726과제-202110647\0726과제-202110647\x64\debug\app.obj
c:\users\user\desktop\c++\0726과제-202110647\x64\debug\0726과제-202110647.exe
c:\users\user\desktop\c++\0726과제-202110647\x64\debug\0726과제-202110647.pdb
c:\users\user\desktop\c++\0726과제-202110647\0726과제-202110647\x64\debug\0726과제-202110647.ilk
c:\users\user\desktop\c++\0726과제-202110647\0726과제-202110647\x64\debug\0726과제-202110647.tlog\cl.command.1.tlog
c:\users\user\desktop\c++\0726과제-202110647\0726과제-202110647\x64\debug\0726과제-202110647.tlog\cl.items.tlog
c:\users\user\desktop\c++\0726과제-202110647\0726과제-202110647\x64\debug\0726과제-202110647.tlog\cl.read.1.tlog
c:\users\user\desktop\c++\0726과제-202110647\0726과제-202110647\x64\debug\0726과제-202110647.tlog\cl.write.1.tlog
c:\users\user\desktop\c++\0726과제-202110647\0726과제-202110647\x64\debug\0726과제-202110647.tlog\link.command.1.tlog
c:\users\user\desktop\c++\0726과제-202110647\0726과제-202110647\x64\debug\0726과제-202110647.tlog\link.read.1.tlog
c:\users\user\desktop\c++\0726과제-202110647\0726과제-202110647\x64\debug\0726과제-202110647.tlog\link.secondary.1.tlog
c:\users\user\desktop\c++\0726과제-202110647\0726과제-202110647\x64\debug\0726과제-202110647.tlog\link.write.1.tlog
